2024-06-27T00:03:07.218Z [[31merror[39m]: ❌ Failed to generate certificate for participant 1: John Doe. Error: ENOENT: no such file or directory, open '/Users/franzmedrano/Documents/Workspace/dev/cert-mailer/templates/certificate-template.hbs'
2024-06-27T00:03:07.785Z [[31merror[39m]: ❌ Failed to generate certificate for participant 2: Jane Smith. Error: ENOENT: no such file or directory, open '/Users/franzmedrano/Documents/Workspace/dev/cert-mailer/templates/certificate-template.hbs'
2024-06-27T00:03:07.786Z [[31merror[39m]: Total 2 Certificates processed, 2 with errors. IDs with errors: 1, 2
2024-06-27T00:05:26.753Z [[31merror[39m]: ❌ Failed to generate certificate for participant 1: John Doe. Error: ENOENT: no such file or directory, open '/Users/franzmedrano/Documents/Workspace/dev/cert-mailer/assets/bg-first-page.png'
2024-06-27T00:05:27.120Z [[31merror[39m]: ❌ Failed to generate certificate for participant 2: Jane Smith. Error: ENOENT: no such file or directory, open '/Users/franzmedrano/Documents/Workspace/dev/cert-mailer/assets/bg-first-page.png'
2024-06-27T00:05:27.120Z [[31merror[39m]: Total 2 Certificates processed, 2 with errors. IDs with errors: 1, 2
2024-06-27T00:07:58.696Z [[31merror[39m]: ❌ Failed to generate certificate for participant 1: John Doe. Error: ENOENT: no such file or directory, open '/Users/franzmedrano/Documents/Workspace/dev/cert-mailer/assets/bg-first-page.png'
2024-06-27T00:07:59.079Z [[31merror[39m]: ❌ Failed to generate certificate for participant 2: Jane Smith. Error: ENOENT: no such file or directory, open '/Users/franzmedrano/Documents/Workspace/dev/cert-mailer/assets/bg-first-page.png'
2024-06-27T00:07:59.080Z [[31merror[39m]: Total 2 Certificates processed, 2 with errors. IDs with errors: 1, 2
2024-06-27T00:08:13.181Z [[31merror[39m]: ❌ Failed to generate certificate for participant 1: John Doe. Error: ENOENT: no such file or directory, open '/Users/franzmedrano/Documents/Workspace/dev/cert-mailer/services/assets/bg-first-page.png'
2024-06-27T00:08:13.579Z [[31merror[39m]: ❌ Failed to generate certificate for participant 2: Jane Smith. Error: ENOENT: no such file or directory, open '/Users/franzmedrano/Documents/Workspace/dev/cert-mailer/services/assets/bg-first-page.png'
2024-06-27T00:08:13.579Z [[31merror[39m]: Total 2 Certificates processed, 2 with errors. IDs with errors: 1, 2
2024-06-27T00:08:20.803Z [[31merror[39m]: ❌ Failed to generate certificate for participant 1: John Doe. Error: ENOENT: no such file or directory, open '/Users/franzmedrano/Documents/Workspace/dev/cert-mailer/services/assets/bg-first-page.png'
2024-06-27T00:08:21.160Z [[31merror[39m]: ❌ Failed to generate certificate for participant 2: Jane Smith. Error: ENOENT: no such file or directory, open '/Users/franzmedrano/Documents/Workspace/dev/cert-mailer/services/assets/bg-first-page.png'
2024-06-27T00:08:21.160Z [[31merror[39m]: Total 2 Certificates processed, 2 with errors. IDs with errors: 1, 2
2024-06-27T00:10:11.464Z [[31merror[39m]: ❌ Failed to generate certificate for participant 1: John Doe. Error: ENOENT: no such file or directory, open '/Users/franzmedrano/Documents/Workspace/dev/cert-mailer/assets/bg-first-page.png'
2024-06-27T00:10:11.837Z [[31merror[39m]: ❌ Failed to generate certificate for participant 2: Jane Smith. Error: ENOENT: no such file or directory, open '/Users/franzmedrano/Documents/Workspace/dev/cert-mailer/assets/bg-first-page.png'
2024-06-27T00:10:11.838Z [[31merror[39m]: Total 2 Certificates processed, 2 with errors. IDs with errors: 1, 2
2024-06-27T00:10:22.007Z [[31merror[39m]: ❌ Failed to generate certificate for participant 1: John Doe. Error: ENOENT: no such file or directory, open '/Users/franzmedrano/Documents/Workspace/dev/cert-mailer/services/assets/bg-first-page.png'
2024-06-27T00:10:22.400Z [[31merror[39m]: ❌ Failed to generate certificate for participant 2: Jane Smith. Error: ENOENT: no such file or directory, open '/Users/franzmedrano/Documents/Workspace/dev/cert-mailer/services/assets/bg-first-page.png'
2024-06-27T00:10:22.401Z [[31merror[39m]: Total 2 Certificates processed, 2 with errors. IDs with errors: 1, 2
2024-06-27T00:10:33.738Z [[31merror[39m]: ❌ Failed to generate certificate for participant 1: John Doe. Error: ENOENT: no such file or directory, open '/Users/franzmedrano/Documents/Workspace/dev/cert-mailer/assets/bg-first-page.png'
2024-06-27T00:10:34.101Z [[31merror[39m]: ❌ Failed to generate certificate for participant 2: Jane Smith. Error: ENOENT: no such file or directory, open '/Users/franzmedrano/Documents/Workspace/dev/cert-mailer/assets/bg-first-page.png'
2024-06-27T00:10:34.101Z [[31merror[39m]: Total 2 Certificates processed, 2 with errors. IDs with errors: 1, 2
2024-06-27T00:19:04.428Z [[31merror[39m]: ❌ Failed to generate certificate for participant 1: John Doe. Error: Image file not found: /Users/franzmedrano/Documents/Workspace/dev/cert-mailer/assets/assets/first_page_bg.png
2024-06-27T00:19:04.800Z [[31merror[39m]: ❌ Failed to generate certificate for participant 2: Jane Smith. Error: Image file not found: /Users/franzmedrano/Documents/Workspace/dev/cert-mailer/assets/assets/first_page_bg.png
2024-06-27T00:19:04.801Z [[31merror[39m]: Total 2 Certificates processed, 2 with errors. IDs with errors: 1, 2
2024-06-27T00:20:16.002Z [[31merror[39m]: ❌ Failed to generate certificate for participant 1: John Doe. Error: Image file not found: /Users/franzmedrano/Documents/Workspace/dev/cert-mailer/assets/assets/first_page_bg.png
2024-06-27T00:20:16.375Z [[31merror[39m]: ❌ Failed to generate certificate for participant 2: Jane Smith. Error: Image file not found: /Users/franzmedrano/Documents/Workspace/dev/cert-mailer/assets/assets/first_page_bg.png
2024-06-27T00:20:16.375Z [[31merror[39m]: Total 2 Certificates processed, 2 with errors. IDs with errors: 1, 2
2024-06-27T00:20:32.276Z [[31merror[39m]: ❌ Failed to generate certificate for participant 1: John Doe. Error: Image file not found: /Users/franzmedrano/Documents/Workspace/dev/cert-mailer/assets/assets/first_page_bg.png
2024-06-27T00:20:32.638Z [[31merror[39m]: ❌ Failed to generate certificate for participant 2: Jane Smith. Error: Image file not found: /Users/franzmedrano/Documents/Workspace/dev/cert-mailer/assets/assets/first_page_bg.png
2024-06-27T00:20:32.638Z [[31merror[39m]: Total 2 Certificates processed, 2 with errors. IDs with errors: 1, 2
2024-06-27T00:21:38.739Z [[31merror[39m]: ❌ Failed to generate certificate for participant 1: John Doe. Error: Image file not found: /Users/franzmedrano/Documents/Workspace/dev/cert-mailer/assets/assets/first_page_bg.png
2024-06-27T00:21:39.150Z [[31merror[39m]: ❌ Failed to generate certificate for participant 2: Jane Smith. Error: Image file not found: /Users/franzmedrano/Documents/Workspace/dev/cert-mailer/assets/assets/first_page_bg.png
2024-06-27T00:21:39.150Z [[31merror[39m]: Total 2 Certificates processed, 2 with errors. IDs with errors: 1, 2
2024-06-27T00:21:59.340Z [[31merror[39m]: ❌ Failed to generate certificate for participant 1: John Doe. Error: ENOENT: no such file or directory, open '/Users/franzmedrano/Documents/Workspace/dev/certificates/1 - John Doe - Speaker.pdf'
2024-06-27T00:22:02.333Z [[31merror[39m]: ❌ Failed to generate certificate for participant 2: Jane Smith. Error: ENOENT: no such file or directory, open '/Users/franzmedrano/Documents/Workspace/dev/certificates/2 - Jane Smith - Attendee.pdf'
2024-06-27T00:22:02.333Z [[31merror[39m]: Total 2 Certificates processed, 2 with errors. IDs with errors: 1, 2
2024-06-27T00:22:27.472Z [[32minfo[39m]: 1 - ✅ Certificate generated for John Doe - Speaker
2024-06-27T00:22:29.393Z [[32minfo[39m]: 2 - ✅ Certificate generated for Jane Smith - Attendee
2024-06-27T00:22:29.394Z [[32minfo[39m]: Total 2 Certificates generated successfully!
2024-06-27T00:25:12.875Z [[32minfo[39m]: [32m1 - ✅ Certificate generated for John Doe - Speaker[39m
2024-06-27T00:25:14.817Z [[32minfo[39m]: [32m2 - ✅ Certificate generated for Jane Smith - Attendee[39m
2024-06-27T00:25:14.818Z [[32minfo[39m]: [32mTotal 2 Certificates generated successfully![39m
